* OK Gimap ready for requests from 67.198.57.238 n4mb84347389ooi
a0001 CAPABILITY
* CAPABILITY IMAP4rev1 UNSELECT IDLE NAMESPACE QUOTA ID XLIST CHILDREN X-GM-EXT-1 XYZZY SASL-IR AUTH=XOAUTH2 AUTH=PLAIN AUTH=PLAIN-CLIENTTOKEN AUTH=OAUTHBEARER AUTH=XOAUTH
a0001 OK Thats all she wrote! n4mb84347389ooi
a0002 AUTHENTICATE PLAIN AEN5YW5CbG9iAFplbGFkYTc0MTc=
* CAPABILITY IMAP4rev1 UNSELECT IDLE NAMESPACE QUOTA ID XLIST CHILDREN X-GM-EXT-1 UIDPLUS COMPRESS=DEFLATE ENABLE MOVE CONDSTORE ESEARCH UTF8=ACCEPT LIST-EXTENDED LIST-STATUS LITERAL- SPECIAL-USE APPENDLIMIT=35651584
a0002 OK cyanblob@gmail.com authenticated (Success)
a0003 LIST "" "%"
* LIST (\HasNoChildren) "/" "INBOX"
* LIST (\HasChildren \Noselect) "/" "[Gmail]"
a0003 OK Success
a0004 SELECT "INBOX"
* FLAGS (\Answered \Flagged \Draft \Deleted \Seen $Forwarded $NotPhishing $Phishing)
* OK [PERMANENTFLAGS (\Answered \Flagged \Draft \Deleted \Seen $Forwarded $NotPhishing $Phishing \*)] Flags permitted.
* OK [UIDVALIDITY 1] UIDs valid.
* 11 EXISTS
* 0 RECENT
* OK [UIDNEXT 382] Predicted next UID.
* OK [HIGHESTMODSEQ 42339]
a0004 OK [READ-WRITE] INBOX selected. (Success)
a0005 FETCH 1:11 (UID FLAGS INTERNALDATE BODYSTRUCTURE BODY.PEEK[HEADER.FIELDS (DATE FROM SUBJECT TO CC MESSAGE-ID REFERENCES CONTENT-TYPE IN-REPLY-TO REPLY-TO)])
* 1 FETCH (UID 366 INTERNALDATE "05-May-2017 13:08:16 +0000" FLAGS (\Seen) BODYSTRUCTURE ("TEXT" "PLAIN" ("CHARSET" "us-ascii") NIL NIL "7BIT" 1483 52 NIL ("INLINE" NIL) NIL) BODY[HEADER.FIELDS (DATE FROM SUBJECT TO CC MESSAGE-ID REFERENCES CONTENT-TYPE IN-REPLY-TO REPLY-TO)] {270}
Date: Fri, 5 May 2017 13:08:16 +0000
From: Little Penguin <little@eudyptula-challenge.org>
To: cyanblob@gmail.com
Subject: Re: [5ad8d5f63e57] Task 08 results
Message-ID: <20170505130816.GA21194@eudyptula-challenge.org>
Content-Type: text/plain; charset=us-ascii

)
* 2 FETCH (UID 367 INTERNALDATE "05-May-2017 22:04:12 +0000" FLAGS (\Seen) BODYSTRUCTURE ("TEXT" "PLAIN" ("CHARSET" "us-ascii") NIL NIL "7BIT" 4988 157 NIL ("INLINE" NIL) NIL) BODY[HEADER.FIELDS (DATE FROM SUBJECT TO CC MESSAGE-ID REFERENCES CONTENT-TYPE IN-REPLY-TO REPLY-TO)] {402}
Date: Fri, 5 May 2017 22:04:11 +0000
From: Little Penguin <little@eudyptula-challenge.org>
To: CyanBlob <cyanblob@gmail.com>
Subject: Re: [5ad8d5f63e57] Task 08 results
Message-ID: <20170505220411.GQ31158@eudyptula-challenge.org>
References: <20170505130812.GA19275@localhost.localdomain>
Content-Type: text/plain; charset=us-ascii
In-Reply-To: <20170505130812.GA19275@localhost.localdomain>

)
* 3 FETCH (UID 368 INTERNALDATE "05-May-2017 22:04:25 +0000" FLAGS (\Seen) BODYSTRUCTURE ("TEXT" "PLAIN" ("CHARSET" "us-ascii") NIL NIL "7BIT" 2922 94 NIL ("INLINE" NIL) NIL) BODY[HEADER.FIELDS (DATE FROM SUBJECT TO CC MESSAGE-ID REFERENCES CONTENT-TYPE IN-REPLY-TO REPLY-TO)] {472}
Date: Fri, 5 May 2017 22:04:24 +0000
From: Little Penguin <little@eudyptula-challenge.org>
To: Andrew Thomas <cyanblob@gmail.com>
Cc: Andrew Thomas <andrewt1993@gmail.com>
Subject: Re: [5ad8d5f63e57] [PATCH 01/02] Task 08: add jiffies file
Message-ID: <20170505220424.GR31158@eudyptula-challenge.org>
References: <1> <20170505131336.19868-1-CyanBlob@gmail.com>
Content-Type: text/plain; charset=us-ascii
In-Reply-To: <20170505131336.19868-1-CyanBlob@gmail.com>

)
* 4 FETCH (UID 369 INTERNALDATE "05-May-2017 22:28:31 +0000" FLAGS (\Seen) BODYSTRUCTURE ("TEXT" "PLAIN" ("CHARSET" "us-ascii") NIL NIL "7BIT" 1482 52 NIL ("INLINE" NIL) NIL) BODY[HEADER.FIELDS (DATE FROM SUBJECT TO CC MESSAGE-ID REFERENCES CONTENT-TYPE IN-REPLY-TO REPLY-TO)] {269}
Date: Fri, 5 May 2017 22:28:30 +0000
From: Little Penguin <little@eudyptula-challenge.org>
To: cyanblob@gmail.com
Subject: Re: [5ad8d5f63e57] Task 08 results
Message-ID: <20170505222830.GA2852@eudyptula-challenge.org>
Content-Type: text/plain; charset=us-ascii

)
* 5 FETCH (UID 370 INTERNALDATE "06-May-2017 12:40:20 +0000" FLAGS (\Seen) BODYSTRUCTURE ("TEXT" "PLAIN" ("CHARSET" "UTF-8") NIL NIL "7BIT" 1184 26 NIL NIL NIL) BODY[HEADER.FIELDS (DATE FROM SUBJECT TO CC MESSAGE-ID REFERENCES CONTENT-TYPE IN-REPLY-TO REPLY-TO)] {252}
From: bugzilla@gnome.org
To: CyanBlob@gmail.com
Subject: GNOME Bugzilla: confirm account creation
Content-Type: text/plain; charset="UTF-8"
Message-Id: <20170506124019.04E371CE369@bugzilla.gnome.org>
Date: Sat,  6 May 2017 12:40:19 +0000 (UTC)

)
* 6 FETCH (UID 371 INTERNALDATE "06-May-2017 14:04:00 +0000" FLAGS (\Seen) BODYSTRUCTURE ("TEXT" "PLAIN" ("CHARSET" "us-ascii") NIL NIL "7BIT" 884 27 NIL ("INLINE" NIL) NIL) BODY[HEADER.FIELDS (DATE FROM SUBJECT TO CC MESSAGE-ID REFERENCES CONTENT-TYPE IN-REPLY-TO REPLY-TO)] {477}
Date: Sat, 6 May 2017 14:04:00 +0000
From: Little Penguin <little@eudyptula-challenge.org>
To: Andrew Thomas <cyanblob@gmail.com>
Subject: Re: [5ad8d5f63e57] [PATCH 01/02] Task 08: add jiffies file
Message-ID: <20170506140400.GD12677@eudyptula-challenge.org>
References: <20170505222826.GA1697@localhost.localdomain>
 <20170505223134.1972-1-andrewt1993@gmail.com>
Content-Type: text/plain; charset=us-ascii
In-Reply-To: <20170505223134.1972-1-andrewt1993@gmail.com>

)
* 7 FETCH (UID 372 INTERNALDATE "06-May-2017 15:25:42 +0000" FLAGS (\Seen) BODYSTRUCTURE ("TEXT" "PLAIN" ("CHARSET" "us-ascii") NIL NIL "7BIT" 1482 52 NIL ("INLINE" NIL) NIL) BODY[HEADER.FIELDS (DATE FROM SUBJECT TO CC MESSAGE-ID REFERENCES CONTENT-TYPE IN-REPLY-TO REPLY-TO)] {270}
Date: Sat, 6 May 2017 15:25:41 +0000
From: Little Penguin <little@eudyptula-challenge.org>
To: cyanblob@gmail.com
Subject: Re: [5ad8d5f63e57] Task 08 results
Message-ID: <20170506152541.GA23417@eudyptula-challenge.org>
Content-Type: text/plain; charset=us-ascii

)
* 8 FETCH (UID 378 INTERNALDATE "06-May-2017 16:11:57 +0000" FLAGS (\Seen) BODYSTRUCTURE ("TEXT" "PLAIN" ("CHARSET" "us-ascii") NIL NIL "7BIT" 4835 164 NIL ("INLINE" NIL) NIL) BODY[HEADER.FIELDS (DATE FROM SUBJECT TO CC MESSAGE-ID REFERENCES CONTENT-TYPE IN-REPLY-TO REPLY-TO)] {564}
Date: Sat, 6 May 2017 16:11:56 +0000
From: Little Penguin <little@eudyptula-challenge.org>
To: Andrew Thomas <cyanblob@gmail.com>
Cc: root <root@localhost.localdomain>
Subject: Re: [5ad8d5f63e57] [PATCH 02/02] Task 08: add foo file
Message-ID: <20170506161156.GF27347@eudyptula-challenge.org>
References: <20170506002855.GA11097@localhost.localdomain>
 <20170506003926.11419-1-andrewt1993@gmail.com>
 <20170506003926.11419-2-andrewt1993@gmail.com>
Content-Type: text/plain; charset=us-ascii
In-Reply-To: <20170506003926.11419-2-andrewt1993@gmail.com>

)
* 9 FETCH (UID 379 INTERNALDATE "06-May-2017 16:15:46 +0000" FLAGS (\Seen) BODYSTRUCTURE ("TEXT" "PLAIN" ("CHARSET" "us-ascii") NIL NIL "7BIT" 1252 28 NIL ("INLINE" NIL) NIL) BODY[HEADER.FIELDS (DATE FROM SUBJECT TO CC MESSAGE-ID REFERENCES CONTENT-TYPE IN-REPLY-TO REPLY-TO)] {285}
Date: Sat, 6 May 2017 16:15:46 +0000
From: Little Penguin <little@eudyptula-challenge.org>
To: cyanblob@gmail.com
Subject: [5ad8d5f63e57] Task 09 of the Eudyptula Challenge
Message-ID: <20170506161546.GA28563@eudyptula-challenge.org>
Content-Type: text/plain; charset=us-ascii

)
* 10 FETCH (UID 380 INTERNALDATE "08-May-2017 10:07:40 +0000" FLAGS (\Seen) BODYSTRUCTURE (("TEXT" "PLAIN" ("CHARSET" "UTF-8") NIL NIL "7BIT" 530 12 NIL NIL NIL)("TEXT" "HTML" ("CHARSET" "UTF-8") NIL NIL "7BIT" 1524 51 NIL NIL NIL) "ALTERNATIVE" ("BOUNDARY" "1494238054.0bEAeE8.12820") NIL NIL) BODY[HEADER.FIELDS (DATE FROM SUBJECT TO CC MESSAGE-ID REFERENCES CONTENT-TYPE IN-REPLY-TO REPLY-TO)] {471}
From: "gnome-todo" (GNOME Bugzilla) <bugzilla@gnome.org>
To: CyanBlob@gmail.com
Subject: [Bug 773138] Can't delete any list if 'Personal' list is selected
 first.
Date: Mon, 08 May 2017 10:07:33 +0000
Message-ID: <bug-773138-319607-v3BToqd5Nq@https.bugzilla.gnome.org/>
In-Reply-To: <bug-773138-319607@https.bugzilla.gnome.org/>
References: <bug-773138-319607@https.bugzilla.gnome.org/>
Content-Type: multipart/alternative; boundary="1494238054.0bEAeE8.12820"

)
* 11 FETCH (UID 381 INTERNALDATE "08-May-2017 10:09:34 +0000" FLAGS (\Seen) BODYSTRUCTURE (("TEXT" "PLAIN" ("CHARSET" "UTF-8") NIL NIL "7BIT" 399 10 NIL NIL NIL)("TEXT" "HTML" ("CHARSET" "UTF-8") NIL NIL "7BIT" 1163 35 NIL NIL NIL) "ALTERNATIVE" ("BOUNDARY" "1494238167.61bD85170.16084") NIL NIL) BODY[HEADER.FIELDS (DATE FROM SUBJECT TO CC MESSAGE-ID REFERENCES CONTENT-TYPE IN-REPLY-TO REPLY-TO)] {473}
From: "gnome-todo" (GNOME Bugzilla) <bugzilla@gnome.org>
To: CyanBlob@gmail.com
Subject: [Bug 773138] Can't delete any list if 'Personal' list is selected
 first.
Date: Mon, 08 May 2017 10:09:27 +0000
Message-ID: <bug-773138-319607-4ELByn45xD@https.bugzilla.gnome.org/>
In-Reply-To: <bug-773138-319607@https.bugzilla.gnome.org/>
References: <bug-773138-319607@https.bugzilla.gnome.org/>
Content-Type: multipart/alternative; boundary="1494238167.61bD85170.16084"

)
a0005 OK Success
a0006 IDLE
+ idling
